<?xml version="1.0" encoding="UTF-8"?>
<!-- Generated by org.testng.reporters.JUnitXMLReporter -->
<testsuite hostname="LAPTOP-9OD4SIS4" ignored="0" name="Parameterization Test on Chrome" tests="1" failures="0" timestamp="18 Sep 2018 15:09:27 GMT" time="0.463" errors="0">
  <testcase name="@BeforeClass beforetest" time="0.0" classname="testcases.ParameterizationTest">
    <failure type="org.testng.TestNGException" message="
Parameter &amp;apos;browsers&amp;apos; is required by BeforeClass on method beforetest but has not been marked @Optional or defined
in C:\Users\Soumya\eclipse-workspace\TestNG_Demo\src\testng.xml">
      <![CDATA[org.testng.TestNGException: 
Parameter 'browsers' is required by BeforeClass on method beforetest but has not been marked @Optional or defined
in C:\Users\Soumya\eclipse-workspace\TestNG_Demo\src\testng.xml
... Removed 23 stack frames]]>
    </failure>
  </testcase> <!-- @BeforeClass beforetest -->
  <testcase name="@AfterClass exitTest" time="0.0" classname="testcases.ParameterizationTest">
    <skipped/>
  </testcase> <!-- @AfterClass exitTest -->
  <testcase name="demoTest" time="0.0" classname="testcases.ParameterizationTest">
    <skipped/>
  </testcase> <!-- demoTest -->
</testsuite> <!-- Parameterization Test on Chrome -->
